<?xml version="1.0" encoding="UTF-8"?>
<!-- Generated by org.testng.reporters.JUnitReportReporter -->
<testsuite skipped="0" hostname="Sarmeds-MacBook-Air.local" name="com.hrms.mahady.brianclass" tests="2" failures="0" timestamp="2020-05-30T22:00:09 EDT" time="13.114" errors="0">
  <testcase name="invalidPasswordLogin" time="6.800" classname="com.hrms.mahady.brianclass"/>
  <system-out/>
  <testcase name="emptyUsernameLogin" time="6.314" classname="com.hrms.mahady.brianclass"/>
  <system-out/>
</testsuite> <!-- com.hrms.mahady.brianclass -->
