<?xml version="1.0" encoding="UTF-8"?>
<!-- Generated by org.testng.reporters.JUnitReportReporter -->
<testsuite skipped="0" hostname="Sarmeds-MacBook-Air.local" name="com.hrms.testcases.LoginTest" tests="1" failures="0" timestamp="2020-06-02T20:25:28 EDT" time="11.246" errors="0">
  <testcase name="validAdminLogin" time="11.246" classname="com.hrms.testcases.LoginTest"/>
  <system-out/>
</testsuite> <!-- com.hrms.testcases.LoginTest -->
